<?xml version="1.0" encoding="UTF-8"?>
<testng-results ignored="0" total="1" passed="1" failed="0" skipped="0">
  <reporter-output>
  </reporter-output>
  <suite started-at="2020-08-18T15:08:09 EDT" name="Default suite" finished-at="2020-08-18T15:08:59 EDT" duration-ms="50167">
    <groups>
    </groups>
    <test started-at="2020-08-18T15:08:09 EDT" name="Default test" finished-at="2020-08-18T15:08:59 EDT" duration-ms="50167">
      <class name="test.first">
        <test-method signature="negativeLogin1()[pri:0, instance:test.first@30b7c004]" started-at="2020-08-18T15:08:09 EDT" name="negativeLogin1" finished-at="2020-08-18T15:08:59 EDT" duration-ms="50044" status="PASS">
          <reporter-output>
          </reporter-output>
        </test-method> <!-- negativeLogin1 -->
      </class> <!-- test.first -->
    </test> <!-- Default test -->
  </suite> <!-- Default suite -->
</testng-results>
